<?xml version="1.0" encoding="UTF-8"?>
<testsuite xmlns:xsi="http://www.w3.org/2001/XMLSchema-instance" xsi:noNamespaceSchemaLocation="https://maven.apache.org/surefire/maven-surefire-plugin/xsd/surefire-test-report-3.0.xsd" version="3.0" name="project3.RatingSummaryTest" time="0.022" tests="15" errors="0" skipped="0" failures="0">
  <properties>
[...]
</properties>
  <testcase name="testAvgScore" classname="project3.RatingSummaryTest" time="0"/>
  <testcase name="testGetList2" classname="project3.RatingSummaryTest" time="0"/>
  <testcase name="testCreateList2" classname="project3.RatingSummaryTest" time="0.001"/>
  <testcase name="testToString" classname="project3.RatingSummaryTest" time="0.001"/>
  <testcase name="testSetDegree2" classname="project3.RatingSummaryTest" time="0.001"/>
  <testcase name="testGetList" classname="project3.RatingSummaryTest" time="0"/>
  <testcase name="getDegreeTest" classname="project3.RatingSummaryTest" time="0"/>
  <testcase name="testSortStatsNotSame" classname="project3.RatingSummaryTest" time="0.003"/>
  <testcase name="getNodeIDTest" classname="project3.RatingSummaryTest" time="0.001"/>
  <testcase name="testCollectReviewerStats" classname="project3.RatingSummaryTest" time="0.004"/>
  <testcase name="testSortStats" classname="project3.RatingSummaryTest" time="0.001"/>
  <testcase name="testCreateList" classname="project3.RatingSummaryTest" time="0.001"/>
  <testcase name="testSetDegree" classname="project3.RatingSummaryTest" time="0.001"/>
  <testcase name="testSetList" classname="project3.RatingSummaryTest" time="0.001"/>
  <testcase name="testSetList2" classname="project3.RatingSummaryTest" time="0"/>
</testsuite>